Using pre-set license
Built from '2021.3/staging' branch; Version is '2021.3.9f1 (ad3870b89536) revision 11352176'; Using compiler version '192829333'; Build Type 'Release'
OS: 'Windows 10  (10.0.19045) 64bit Education' Language: 'ko' Physical Memory: 16212 MB
BatchMode: 1, IsHumanControllingUs: 0, StartBugReporterOnCrash: 0, Is64bit: 1, IsPro: 1

COMMAND LINE ARGUMENTS:
C:\Program Files\Unity\Hub\Editor\2021.3.9f1\Editor\Unity.exe
-adb2
-batchMode
-noUpm
-name
AssetImportWorker0
-projectPath
D:/unity/My project (4)
-logFile
Logs/AssetImportWorker0.log
-srvPort
63353
Successfully changed project path to: D:/unity/My project (4)
D:/unity/My project (4)
[UnityMemory] Configuration Parameters - Can be set up in boot.config
    "memorysetup-bucket-allocator-granularity=16"
    "memorysetup-bucket-allocator-bucket-count=8"
    "memorysetup-bucket-allocator-block-size=33554432"
    "memorysetup-bucket-allocator-block-count=8"
    "memorysetup-main-allocator-block-size=16777216"
    "memorysetup-thread-allocator-block-size=16777216"
    "memorysetup-gfx-main-allocator-block-size=16777216"
    "memorysetup-gfx-thread-allocator-block-size=16777216"
    "memorysetup-cache-allocator-block-size=4194304"
    "memorysetup-typetree-allocator-block-size=2097152"
    "memorysetup-profiler-bucket-allocator-granularity=16"
    "memorysetup-profiler-bucket-allocator-bucket-count=8"
    "memorysetup-profiler-bucket-allocator-block-size=33554432"
    "memorysetup-profiler-bucket-allocator-block-count=8"
    "memorysetup-profiler-allocator-block-size=16777216"
    "memorysetup-profiler-editor-allocator-block-size=1048576"
    "memorysetup-temp-allocator-size-main=16777216"
    "memorysetup-job-temp-allocator-block-size=2097152"
    "memorysetup-job-temp-allocator-block-size-background=1048576"
    "memorysetup-job-temp-allocator-reduction-small-platforms=262144"
    "memorysetup-temp-allocator-size-background-worker=32768"
    "memorysetup-temp-allocator-size-job-worker=262144"
    "memorysetup-temp-allocator-size-preload-manager=33554432"
    "memorysetup-temp-allocator-size-nav-mesh-worker=65536"
    "memorysetup-temp-allocator-size-audio-worker=65536"
    "memorysetup-temp-allocator-size-cloud-worker=32768"
    "memorysetup-temp-allocator-size-gi-baking-worker=262144"
    "memorysetup-temp-allocator-size-gfx=262144"
Refreshing native plugins compatible for Editor in 63.06 ms, found 3 plugins.
Preloading 0 native plugins for Editor in 0.00 ms.
Initialize engine version: 2021.3.9f1 (ad3870b89536)
[Subsystems] Discovering subsystems at path C:/Program Files/Unity/Hub/Editor/2021.3.9f1/Editor/Data/Resources/UnitySubsystems
[Subsystems] Discovering subsystems at path D:/unity/My project (4)/Assets
GfxDevice: creating device client; threaded=0; jobified=0
Direct3D:
    Version:  Direct3D 11.0 [level 11.1]
    Renderer: Intel(R) UHD Graphics 630 (ID=0x9bc5)
    Vendor:   Intel
    VRAM:     8106 MB
    Driver:   31.0.101.1999
Initialize mono
Mono path[0] = 'C:/Program Files/Unity/Hub/Editor/2021.3.9f1/Editor/Data/Managed'
Mono path[1] = 'C:/Program Files/Unity/Hub/Editor/2021.3.9f1/Editor/Data/MonoBleedingEdge/lib/mono/unityjit-win32'
Mono config path = 'C:/Program Files/Unity/Hub/Editor/2021.3.9f1/Editor/Data/MonoBleedingEdge/etc'
Using monoOptions --debugger-agent=transport=dt_socket,embedding=1,server=y,suspend=n,address=127.0.0.1:56592
Begin MonoManager ReloadAssembly
Registering precompiled unity dll's ...
Register platform support module: C:/Program Files/Unity/Hub/Editor/2021.3.9f1/Editor/Data/PlaybackEngines/AndroidPlayer/UnityEditor.Android.Extensions.dll
Register platform support module: C:/Program Files/Unity/Hub/Editor/2021.3.9f1/Editor/Data/PlaybackEngines/iOSSupport/UnityEditor.iOS.Extensions.dll
Register platform support module: C:/Program Files/Unity/Hub/Editor/2021.3.9f1/Editor/Data/PlaybackEngines/WindowsStandaloneSupport/UnityEditor.WindowsStandalone.Extensions.dll
Registered in 0.004165 seconds.
Native extension for WindowsStandalone target not found
[usbmuxd] Start listen thread
[usbmuxd] Listen thread started
Native extension for iOS target not found
Native extension for Android target not found
Refreshing native plugins compatible for Editor in 64.06 ms, found 3 plugins.
Preloading 0 native plugins for Editor in 0.00 ms.
Mono: successfully reloaded assembly
- Completed reload, in  0.530 seconds
Domain Reload Profiling:
	ReloadAssembly (530ms)
		BeginReloadAssembly (59ms)
			ExecutionOrderSort (0ms)
			DisableScriptedObjects (0ms)
			BackupInstance (0ms)
			ReleaseScriptingObjects (0ms)
			CreateAndSetChildDomain (1ms)
		EndReloadAssembly (384ms)
			LoadAssemblies (58ms)
			RebuildTransferFunctionScriptingTraits (0ms)
			SetupTypeCache (88ms)
			ReleaseScriptCaches (0ms)
			RebuildScriptCaches (24ms)
			SetupLoadedEditorAssemblies (232ms)
				LogAssemblyErrors (0ms)
				InitializePlatformSupportModulesInManaged (51ms)
				SetLoadedEditorAssemblies (0ms)
				RefreshPlugins (64ms)
				BeforeProcessingInitializeOnLoad (1ms)
				ProcessInitializeOnLoadAttributes (79ms)
				ProcessInitializeOnLoadMethodAttributes (37ms)
				AfterProcessingInitializeOnLoad (0ms)
				EditorAssembliesLoaded (0ms)
			ExecutionOrderSort2 (0ms)
			AwakeInstancesAfterBackupRestoration (0ms)
Platform modules already initialized, skipping
Registering precompiled user dll's ...
Registered in 0.002774 seconds.
Begin MonoManager ReloadAssembly
Symbol file LoadedFromMemory doesn't match image D:\unity\My project (4)\Library\PackageCache\com.unity.visualscripting@1.7.8\Editor\VisualScripting.Core\Dependencies\YamlDotNet\Unity.VisualScripting.YamlDotNet.dll
Symbol file LoadedFromMemory doesn't match image D:\unity\My project (4)\Library\PackageCache\com.unity.visualscripting@1.7.8\Editor\VisualScripting.Core\Dependencies\DotNetZip\Unity.VisualScripting.IonicZip.dll
Native extension for WindowsStandalone target not found
Native extension for iOS target not found
Native extension for Android target not found
Refreshing native plugins compatible for Editor in 0.52 ms, found 3 plugins.
Preloading 0 native plugins for Editor in 0.00 ms.
Mono: successfully reloaded assembly
- Completed reload, in  0.937 seconds
Domain Reload Profiling:
	ReloadAssembly (938ms)
		BeginReloadAssembly (201ms)
			ExecutionOrderSort (0ms)
			DisableScriptedObjects (5ms)
			BackupInstance (0ms)
			ReleaseScriptingObjects (0ms)
			CreateAndSetChildDomain (128ms)
		EndReloadAssembly (648ms)
			LoadAssemblies (67ms)
			RebuildTransferFunctionScriptingTraits (0ms)
			SetupTypeCache (214ms)
			ReleaseScriptCaches (1ms)
			RebuildScriptCaches (44ms)
			SetupLoadedEditorAssemblies (294ms)
				LogAssemblyErrors (0ms)
				InitializePlatformSupportModulesInManaged (18ms)
				SetLoadedEditorAssemblies (0ms)
				RefreshPlugins (1ms)
				BeforeProcessingInitializeOnLoad (71ms)
				ProcessInitializeOnLoadAttributes (177ms)
				ProcessInitializeOnLoadMethodAttributes (23ms)
				AfterProcessingInitializeOnLoad (3ms)
				EditorAssembliesLoaded (0ms)
			ExecutionOrderSort2 (0ms)
			AwakeInstancesAfterBackupRestoration (6ms)
Platform modules already initialized, skipping
========================================================================
Worker process is ready to serve import requests
Launched and connected shader compiler UnityShaderCompiler.exe after 0.04 seconds
Refreshing native plugins compatible for Editor in 0.51 ms, found 3 plugins.
Preloading 0 native plugins for Editor in 0.00 ms.
Unloading 3380 Unused Serialized files (Serialized files now loaded: 0)
Unloading 27 unused Assets / (111.5 KB). Loaded Objects now: 3839.
Memory consumption went from 120.7 MB to 120.6 MB.
Total: 3.292800 ms (FindLiveObjects: 0.269600 ms CreateObjectMapping: 0.220100 ms MarkObjects: 2.699300 ms  DeleteObjects: 0.103100 ms)

AssetImportParameters requested are different than current active one (requested -> active):
  custom:video-decoder-ogg-theora: a1e56fd34408186e4bbccfd4996cb3dc -> 
  custom:container-muxer-webm: aa71ff27fc2769a1b78a27578f13a17b -> 
  custom:container-demuxer-webm: 4f35f7cbe854078d1ac9338744f61a02 -> 
  custom:video-encoder-webm-vp8: eb34c28f22e8b96e1ab97ce403110664 -> 
  custom:audio-encoder-webm-vorbis: bf7c407c2cedff20999df2af8eb42d56 -> 
  custom:framework-win-MediaFoundation: 216162199b28c13a410421893ffa2e32 -> 
  custom:container-demuxer-ogg: 62fdf1f143b41e24485cea50d1cbac27 -> 
  custom:video-decoder-webm-vp8: 9c59270c3fd7afecdb556c50c9e8de78 -> 
  custom:audio-decoder-ogg-vorbis: bf7c407c2cedff20999df2af8eb42d56 -> 
========================================================================
Received Import Request.
  Time since last request: 2987.744748 seconds.
  path: Assets/Robot Kyle Variant.prefab
  artifactKey: Guid(304fa38f63e594d40b33a4db2a4ca558) Importer(815301076,1909f56bfc062723c751e8b465ee728b)
Start importing Assets/Robot Kyle Variant.prefab using Guid(304fa38f63e594d40b33a4db2a4ca558) Importer(815301076,1909f56bfc062723c751e8b465ee728b)  -> (artifact id: '053f80dfa44d61b9f0ab7648dcaf8f3b') in 0.097162 seconds 
========================================================================
Received Import Request.
  Time since last request: 68.804312 seconds.
  path: Assets/Robot Kyle Variant.prefab
  artifactKey: Guid(304fa38f63e594d40b33a4db2a4ca558) Importer(815301076,1909f56bfc062723c751e8b465ee728b)
Start importing Assets/Robot Kyle Variant.prefab using Guid(304fa38f63e594d40b33a4db2a4ca558) Importer(815301076,1909f56bfc062723c751e8b465ee728b)  -> (artifact id: '93b08cab2f472387719a8bf8cbf940a5') in 0.014957 seconds 
========================================================================
Received Import Request.
  Time since last request: 30.041238 seconds.
  path: Assets/Robot Kyle Variant.prefab
  artifactKey: Guid(304fa38f63e594d40b33a4db2a4ca558) Importer(815301076,1909f56bfc062723c751e8b465ee728b)
Start importing Assets/Robot Kyle Variant.prefab using Guid(304fa38f63e594d40b33a4db2a4ca558) Importer(815301076,1909f56bfc062723c751e8b465ee728b)  -> (artifact id: 'c0d9a7c58a8406b82fbe5569ed4d30c5') in 0.014659 seconds 
========================================================================
Received Import Request.
  Time since last request: 5.416962 seconds.
  path: Assets/Robot Kyle Variant.prefab
  artifactKey: Guid(304fa38f63e594d40b33a4db2a4ca558) Importer(815301076,1909f56bfc062723c751e8b465ee728b)
Start importing Assets/Robot Kyle Variant.prefab using Guid(304fa38f63e594d40b33a4db2a4ca558) Importer(815301076,1909f56bfc062723c751e8b465ee728b)  -> (artifact id: '5627298e1b9af2863ba4da2298e664f2') in 0.020523 seconds 
========================================================================
Received Import Request.
  Time since last request: 3.403568 seconds.
  path: Assets/Robot Kyle Variant.prefab
  artifactKey: Guid(304fa38f63e594d40b33a4db2a4ca558) Importer(815301076,1909f56bfc062723c751e8b465ee728b)
Start importing Assets/Robot Kyle Variant.prefab using Guid(304fa38f63e594d40b33a4db2a4ca558) Importer(815301076,1909f56bfc062723c751e8b465ee728b)  -> (artifact id: 'a260be2db8073b6957d3188ee60b7224') in 0.017536 seconds 
========================================================================
Received Import Request.
  Time since last request: 5.423199 seconds.
  path: Assets/Robot Kyle Variant.prefab
  artifactKey: Guid(304fa38f63e594d40b33a4db2a4ca558) Importer(815301076,1909f56bfc062723c751e8b465ee728b)
Start importing Assets/Robot Kyle Variant.prefab using Guid(304fa38f63e594d40b33a4db2a4ca558) Importer(815301076,1909f56bfc062723c751e8b465ee728b)  -> (artifact id: '23e5fdd06bee2b9d061dbe37624ebfd5') in 0.015296 seconds 
========================================================================
Received Import Request.
  Time since last request: 2.807263 seconds.
  path: Assets/Robot Kyle Variant.prefab
  artifactKey: Guid(304fa38f63e594d40b33a4db2a4ca558) Importer(815301076,1909f56bfc062723c751e8b465ee728b)
Start importing Assets/Robot Kyle Variant.prefab using Guid(304fa38f63e594d40b33a4db2a4ca558) Importer(815301076,1909f56bfc062723c751e8b465ee728b)  -> (artifact id: 'efefd17836414b277742f369b3bdce9b') in 0.014492 seconds 
========================================================================
Received Import Request.
  Time since last request: 14.922456 seconds.
  path: Assets/Robot Kyle Variant.prefab
  artifactKey: Guid(304fa38f63e594d40b33a4db2a4ca558) Importer(815301076,1909f56bfc062723c751e8b465ee728b)
Start importing Assets/Robot Kyle Variant.prefab using Guid(304fa38f63e594d40b33a4db2a4ca558) Importer(815301076,1909f56bfc062723c751e8b465ee728b)  -> (artifact id: '431102a99a735caac07871e5db7ade3b') in 0.014258 seconds 
========================================================================
Received Import Request.
  Time since last request: 2.602873 seconds.
  path: Assets/Robot Kyle Variant.prefab
  artifactKey: Guid(304fa38f63e594d40b33a4db2a4ca558) Importer(815301076,1909f56bfc062723c751e8b465ee728b)
Start importing Assets/Robot Kyle Variant.prefab using Guid(304fa38f63e594d40b33a4db2a4ca558) Importer(815301076,1909f56bfc062723c751e8b465ee728b)  -> (artifact id: 'b1bac1ca069f569ba9ba4b36ce28e656') in 0.014102 seconds 
========================================================================
Received Import Request.
  Time since last request: 12.463693 seconds.
  path: Assets/Robot Kyle Variant.prefab
  artifactKey: Guid(304fa38f63e594d40b33a4db2a4ca558) Importer(815301076,1909f56bfc062723c751e8b465ee728b)
Start importing Assets/Robot Kyle Variant.prefab using Guid(304fa38f63e594d40b33a4db2a4ca558) Importer(815301076,1909f56bfc062723c751e8b465ee728b)  -> (artifact id: '2eb2a007710876b3914a109f893c1cdb') in 0.014024 seconds 
========================================================================
Received Import Request.
  Time since last request: 3.002883 seconds.
  path: Assets/Robot Kyle Variant.prefab
  artifactKey: Guid(304fa38f63e594d40b33a4db2a4ca558) Importer(815301076,1909f56bfc062723c751e8b465ee728b)
Start importing Assets/Robot Kyle Variant.prefab using Guid(304fa38f63e594d40b33a4db2a4ca558) Importer(815301076,1909f56bfc062723c751e8b465ee728b)  -> (artifact id: '8bf8898520928e318fddcb0ffb531759') in 0.013696 seconds 
========================================================================
Received Import Request.
  Time since last request: 2.437164 seconds.
  path: Assets/Robot Kyle Variant.prefab
  artifactKey: Guid(304fa38f63e594d40b33a4db2a4ca558) Importer(815301076,1909f56bfc062723c751e8b465ee728b)
Start importing Assets/Robot Kyle Variant.prefab using Guid(304fa38f63e594d40b33a4db2a4ca558) Importer(815301076,1909f56bfc062723c751e8b465ee728b)  -> (artifact id: '9c4b09d292d93241b63c4d3c5569abec') in 0.016639 seconds 
========================================================================
Received Import Request.
  Time since last request: 14.685099 seconds.
  path: Assets/Robot Kyle Variant.prefab
  artifactKey: Guid(304fa38f63e594d40b33a4db2a4ca558) Importer(815301076,1909f56bfc062723c751e8b465ee728b)
Start importing Assets/Robot Kyle Variant.prefab using Guid(304fa38f63e594d40b33a4db2a4ca558) Importer(815301076,1909f56bfc062723c751e8b465ee728b)  -> (artifact id: 'c3be92128edc3e223cd7c1a0cd384528') in 0.013752 seconds 
========================================================================
Received Import Request.
  Time since last request: 2.999849 seconds.
  path: Assets/Robot Kyle Variant.prefab
  artifactKey: Guid(304fa38f63e594d40b33a4db2a4ca558) Importer(815301076,1909f56bfc062723c751e8b465ee728b)
Start importing Assets/Robot Kyle Variant.prefab using Guid(304fa38f63e594d40b33a4db2a4ca558) Importer(815301076,1909f56bfc062723c751e8b465ee728b)  -> (artifact id: 'c9a0043777d080d8c5f44f9f19ed6c58') in 0.015173 seconds 
========================================================================
Received Import Request.
  Time since last request: 2.001002 seconds.
  path: Assets/Robot Kyle Variant.prefab
  artifactKey: Guid(304fa38f63e594d40b33a4db2a4ca558) Importer(815301076,1909f56bfc062723c751e8b465ee728b)
Start importing Assets/Robot Kyle Variant.prefab using Guid(304fa38f63e594d40b33a4db2a4ca558) Importer(815301076,1909f56bfc062723c751e8b465ee728b)  -> (artifact id: 'c7973c91c5b957f6ac7ec0015c9eac38') in 0.013725 seconds 
========================================================================
Received Import Request.
  Time since last request: 26.988298 seconds.
  path: Assets/Robot Kyle Variant.prefab
  artifactKey: Guid(304fa38f63e594d40b33a4db2a4ca558) Importer(815301076,1909f56bfc062723c751e8b465ee728b)
Start importing Assets/Robot Kyle Variant.prefab using Guid(304fa38f63e594d40b33a4db2a4ca558) Importer(815301076,1909f56bfc062723c751e8b465ee728b)  -> (artifact id: '2e31ed88a59fa84fcfb147478c10e323') in 0.015968 seconds 
========================================================================
Received Import Request.
  Time since last request: 11.865046 seconds.
  path: Assets/Robot Kyle Variant.prefab
  artifactKey: Guid(304fa38f63e594d40b33a4db2a4ca558) Importer(815301076,1909f56bfc062723c751e8b465ee728b)
Start importing Assets/Robot Kyle Variant.prefab using Guid(304fa38f63e594d40b33a4db2a4ca558) Importer(815301076,1909f56bfc062723c751e8b465ee728b)  -> (artifact id: 'ffa9c129d2ca96a5f3f49bb622481076') in 0.013121 seconds 
========================================================================
Received Import Request.
  Time since last request: 4.012391 seconds.
  path: Assets/Robot Kyle Variant.prefab
  artifactKey: Guid(304fa38f63e594d40b33a4db2a4ca558) Importer(815301076,1909f56bfc062723c751e8b465ee728b)
Start importing Assets/Robot Kyle Variant.prefab using Guid(304fa38f63e594d40b33a4db2a4ca558) Importer(815301076,1909f56bfc062723c751e8b465ee728b)  -> (artifact id: '26cb41e3bf26cb3e034ce169f26b53f2') in 0.013518 seconds 
========================================================================
Received Import Request.
  Time since last request: 3.611597 seconds.
  path: Assets/Robot Kyle Variant.prefab
  artifactKey: Guid(304fa38f63e594d40b33a4db2a4ca558) Importer(815301076,1909f56bfc062723c751e8b465ee728b)
Start importing Assets/Robot Kyle Variant.prefab using Guid(304fa38f63e594d40b33a4db2a4ca558) Importer(815301076,1909f56bfc062723c751e8b465ee728b)  -> (artifact id: '99f5a714e01f184a996ae36ccc0bbada') in 0.014006 seconds 
========================================================================
Received Import Request.
  Time since last request: 12.864773 seconds.
  path: Assets/Robot Kyle Variant.prefab
  artifactKey: Guid(304fa38f63e594d40b33a4db2a4ca558) Importer(815301076,1909f56bfc062723c751e8b465ee728b)
Start importing Assets/Robot Kyle Variant.prefab using Guid(304fa38f63e594d40b33a4db2a4ca558) Importer(815301076,1909f56bfc062723c751e8b465ee728b)  -> (artifact id: '2c4d8c2739b0f2cf2f8c8d92f720938f') in 0.012708 seconds 
========================================================================
Received Import Request.
  Time since last request: 171.399988 seconds.
  path: Assets/Robot Kyle Variant.prefab
  artifactKey: Guid(304fa38f63e594d40b33a4db2a4ca558) Importer(815301076,1909f56bfc062723c751e8b465ee728b)
Start importing Assets/Robot Kyle Variant.prefab using Guid(304fa38f63e594d40b33a4db2a4ca558) Importer(815301076,1909f56bfc062723c751e8b465ee728b)  -> (artifact id: '962f26d9e9b191d86035fa9fbcdb68b0') in 0.015334 seconds 
========================================================================
Received Import Request.
  Time since last request: 5.617600 seconds.
  path: Assets/Robot Kyle Variant.prefab
  artifactKey: Guid(304fa38f63e594d40b33a4db2a4ca558) Importer(815301076,1909f56bfc062723c751e8b465ee728b)
Start importing Assets/Robot Kyle Variant.prefab using Guid(304fa38f63e594d40b33a4db2a4ca558) Importer(815301076,1909f56bfc062723c751e8b465ee728b)  -> (artifact id: 'a6a0e6154d3f4ff177991699c9332466') in 0.013961 seconds 
========================================================================
Received Import Request.
  Time since last request: 2.399642 seconds.
  path: Assets/Robot Kyle Variant.prefab
  artifactKey: Guid(304fa38f63e594d40b33a4db2a4ca558) Importer(815301076,1909f56bfc062723c751e8b465ee728b)
Start importing Assets/Robot Kyle Variant.prefab using Guid(304fa38f63e594d40b33a4db2a4ca558) Importer(815301076,1909f56bfc062723c751e8b465ee728b)  -> (artifact id: '780425eb89dd35d987f8700f4b4b6607') in 0.013934 seconds 
